d:\interactive computer graphics\opengl project\project_secret_room\project_secert_room\debug\vc100.pdb
d:\interactive computer graphics\opengl project\project_secret_room\project_secert_room\debug\main.obj
e:\opengl\project_secret_room\project_secert_room\debug\main.obj
e:\opengl\project_secret_room\project_secert_room\debug\vc100.pdb
e:\opengl\project_secret_room(demo1)\project_secert_room\debug\main.obj
e:\opengl\project_secret_room(demo1)\project_secert_room\debug\vc100.pdb
c:\users\clare\desktop\project_secret_room\project_secert_room\debug\main.obj
c:\users\clare\desktop\project_secret_room\project_secert_room\debug\vc100.pdb
e:\opengl\project_secret_room(final demo)\project_secert_room\debug\main.obj
e:\opengl\project_secret_room(final demo)\project_secert_room\debug\vc100.pdb
d:\project_secret_room(final demo)\project_secert_room\debug\main.obj
d:\project_secret_room(final demo)\project_secert_room\debug\vc100.pdb
c:\users\pk\desktop\project_secret_room(final demo)\project_secert_room\debug\main.obj
c:\users\pk\desktop\project_secret_room(final demo)\project_secert_room\debug\vc100.pdb
d:\interactive computer graphics\opengl project\project_secret_room(final demo)  new\project_secert_room\debug\main.obj
d:\interactive computer graphics\opengl project\project_secret_room(final demo)  new\project_secert_room\debug\vc100.pdb
e:\opengl\project_secret_room(final demo)  new v2\project_secert_room\debug\vc100.pdb
e:\opengl\project_secret_room(final demo)  new v2\project_secert_room\debug\main.obj
e:\opengl\project_secret_room (compeletion)\project_secert_room\debug\main.obj
e:\opengl\project_secret_room (compeletion)\project_secert_room\debug\vc100.pdb
d:\interactive computer graphics\opengl project\project_secret_room\debug\project_psychic_prison.ilk
d:\interactive computer graphics\opengl project\project_secret_room\debug\project_psychic_prison.exe
d:\interactive computer graphics\opengl project\project_secret_room\project_secert_room\debug\project_psychic_prison.exe.intermediate.manifest
d:\interactive computer graphics\opengl project\project_secret_room\debug\project_psychic_prison.pdb
e:\opengl\project_secret_room\debug\project_psychic_prison.ilk
e:\opengl\project_secret_room\debug\project_psychic_prison.exe
e:\opengl\project_secret_room\project_secert_room\debug\project_psychic_prison.exe.intermediate.manifest
e:\opengl\project_secret_room\debug\project_psychic_prison.pdb
e:\opengl\project_secret_room(demo1)\debug\project_psychic_prison.ilk
e:\opengl\project_secret_room(demo1)\debug\project_psychic_prison.exe
e:\opengl\project_secret_room(demo1)\project_secert_room\debug\project_psychic_prison.exe.intermediate.manifest
e:\opengl\project_secret_room(demo1)\debug\project_psychic_prison.pdb
c:\users\clare\desktop\project_secret_room\debug\project_psychic_prison.ilk
c:\users\clare\desktop\project_secret_room\debug\project_psychic_prison.exe
c:\users\clare\desktop\project_secret_room\project_secert_room\debug\project_psychic_prison.exe.intermediate.manifest
c:\users\clare\desktop\project_secret_room\debug\project_psychic_prison.pdb
e:\opengl\project_secret_room(final demo)\debug\project_psychic_prison.ilk
e:\opengl\project_secret_room(final demo)\debug\project_psychic_prison.exe
e:\opengl\project_secret_room(final demo)\project_secert_room\debug\project_psychic_prison.exe.intermediate.manifest
e:\opengl\project_secret_room(final demo)\debug\project_psychic_prison.pdb
d:\project_secret_room(final demo)\debug\project_psychic_prison.ilk
d:\project_secret_room(final demo)\debug\project_psychic_prison.exe
d:\project_secret_room(final demo)\project_secert_room\debug\project_psychic_prison.exe.intermediate.manifest
d:\project_secret_room(final demo)\debug\project_psychic_prison.pdb
c:\users\pk\desktop\project_secret_room(final demo)\debug\project_psychic_prison.ilk
c:\users\pk\desktop\project_secret_room(final demo)\debug\project_psychic_prison.exe
c:\users\pk\desktop\project_secret_room(final demo)\project_secert_room\debug\project_psychic_prison.exe.intermediate.manifest
c:\users\pk\desktop\project_secret_room(final demo)\debug\project_psychic_prison.pdb
d:\interactive computer graphics\opengl project\project_secret_room(final demo)  new\debug\project_psychic_prison.ilk
d:\interactive computer graphics\opengl project\project_secret_room(final demo)  new\debug\project_psychic_prison.exe
d:\interactive computer graphics\opengl project\project_secret_room(final demo)  new\project_secert_room\debug\project_psychic_prison.exe.intermediate.manifest
d:\interactive computer graphics\opengl project\project_secret_room(final demo)  new\debug\project_psychic_prison.pdb
e:\opengl\project_secret_room(final demo)  new v2\debug\project_psychic_prison.ilk
e:\opengl\project_secret_room(final demo)  new v2\debug\project_psychic_prison.exe
e:\opengl\project_secret_room(final demo)  new v2\project_secert_room\debug\project_psychic_prison.exe.intermediate.manifest
e:\opengl\project_secret_room(final demo)  new v2\debug\project_psychic_prison.pdb
e:\opengl\project_secret_room (compeletion)\debug\project_psychic_prison.ilk
e:\opengl\project_secret_room (compeletion)\debug\project_psychic_prison.exe
e:\opengl\project_secret_room (compeletion)\project_secert_room\debug\project_psychic_prison.exe.intermediate.manifest
e:\opengl\project_secret_room (compeletion)\debug\project_psychic_prison.pdb
e:\opengl\project_secret_room (compeletion)\project_secert_room\debug\vc140.pdb
e:\opengl\project_secret_room (compeletion)\project_secert_room\debug\vc140.idb
e:\opengl\project_secret_room (compeletion)\project_secert_room\debug\cl.command.1.tlog
e:\opengl\project_secret_room (compeletion)\project_secert_room\debug\cl.read.1.tlog
e:\opengl\project_secret_room (compeletion)\project_secert_room\debug\cl.write.1.tlog
e:\opengl\project_secret_room (compeletion)\project_secert_room\debug\link.command.1.tlog
e:\opengl\project_secret_room (compeletion)\project_secert_room\debug\link.read.1.tlog
e:\opengl\project_secret_room (compeletion)\project_secert_room\debug\link.read.2.tlog
e:\opengl\project_secret_room (compeletion)\project_secert_room\debug\link.write.1.tlog
e:\opengl\project_secret_room (compeletion)\project_secert_room\debug\mt.command.1.tlog
e:\opengl\project_secret_room (compeletion)\project_secert_room\debug\mt.read.1.tlog
e:\opengl\project_secret_room (compeletion)\project_secert_room\debug\mt.write.1.tlog
e:\opengl\project_secret_room (compeletion)\project_secert_room\debug\vc100.idb
e:\opengl\project_secret_room (compeletion)\project_secert_room\debug\project_.726c7cf2.tlog\cl.command.1.tlog
e:\opengl\project_secret_room (compeletion)\project_secert_room\debug\project_.726c7cf2.tlog\cl.read.1.tlog
e:\opengl\project_secret_room (compeletion)\project_secert_room\debug\project_.726c7cf2.tlog\cl.write.1.tlog
e:\opengl\project_secret_room (compeletion)\project_secert_room\debug\project_.726c7cf2.tlog\link-cvtres.read.1.tlog
e:\opengl\project_secret_room (compeletion)\project_secert_room\debug\project_.726c7cf2.tlog\link-cvtres.write.1.tlog
e:\opengl\project_secret_room (compeletion)\project_secert_room\debug\project_.726c7cf2.tlog\link-rc.read.1.tlog
e:\opengl\project_secret_room (compeletion)\project_secert_room\debug\project_.726c7cf2.tlog\link-rc.write.1.tlog
e:\opengl\project_secret_room (compeletion)\project_secert_room\debug\project_.726c7cf2.tlog\link.command.1.tlog
e:\opengl\project_secret_room (compeletion)\project_secert_room\debug\project_.726c7cf2.tlog\link.read.1.tlog
e:\opengl\project_secret_room (compeletion)\project_secert_room\debug\project_.726c7cf2.tlog\link.write.1.tlog
